-------------------------------------------------------------------------------
Test set: com.qa.test.TestRunner
-------------------------------------------------------------------------------
Tests run: 1, Failures: 1, Errors: 0, Skipped: 0, Time elapsed: 58.029 s <<< FAILURE! - in com.qa.test.TestRunner
com.qa.test.TestRunner.[Facebook Login Page application](1)  Time elapsed: 55.887 s  <<< FAILURE!
cucumber.runtime.CucumberException: org.junit.ComparisonFailure: expected:<([1]) Facebook> but was:<([20+]) Facebook>
Caused by: org.junit.ComparisonFailure: expected:<([1]) Facebook> but was:<([20+]) Facebook>

