<?xml version="1.0" encoding="UTF-8"?>
<testng-results skipped="0" failed="1" total="1" passed="0">
  <reporter-output>
  </reporter-output>
  <suite name="Surefire suite" duration-ms="56851" started-at="2021-04-07T06:18:42Z" finished-at="2021-04-07T06:19:39Z">
    <groups>
      <group name="cucumber">
        <method signature="AbstractTestNGCucumberTests.feature(cucumber.api.testng.CucumberFeatureWrapper)[pri:0, instance:com.qa.test.TestRunner@cda4919]" name="feature" class="cucumber.api.testng.AbstractTestNGCucumberTests"/>
      </group> <!-- cucumber -->
    </groups>
    <test name="Surefire test" duration-ms="56851" started-at="2021-04-07T06:18:42Z" finished-at="2021-04-07T06:19:39Z">
      <class name="com.qa.test.TestRunner">
        <test-method status="PASS" signature="setUpClass()[pri:0, instance:com.qa.test.TestRunner@cda4919]" test-instance-name="" name="setUpClass" is-config="true" duration-ms="258" started-at="2021-04-07T11:48:42Z" finished-at="2021-04-07T11:48:42Z">
          <reporter-output>
          </reporter-output>
        </test-method> <!-- setUpClass -->
        <test-method name="feature" test-instance-name="" signature="feature(cucumber.api.testng.CucumberFeatureWrapper)[pri:0, instance:com.qa.test.TestRunner@cda4919]" status="FAIL" duration-ms="55864" finished-at="2021-04-07T11:49:38Z" started-at="2021-04-07T11:48:42Z" data-provider="features" description="Runs Cucumber Feature">
          <params>
            <param index="0">
              <value>
                <![CDATA[Facebook Login Page application]]>
              </value>
            </param>
          </params>
          <exception class="cucumber.runtime.CucumberException">
            <message>
              <![CDATA[org.junit.ComparisonFailure: expected:<([1]) Facebook> but was:<([20+]) Facebook>]]>
            </message>
            <full-stacktrace>
              <![CDATA[cucumber.runtime.CucumberException: org.junit.ComparisonFailure: expected:<([1]) Facebook> but was:<([20+]) Facebook>
	at cucumber.api.testng.TestNGCucumberRunner.runCucumber(TestNGCucumberRunner.java:69)
	at cucumber.api.testng.AbstractTestNGCucumberTests.feature(AbstractTestNGCucumberTests.java:21)
	at sun.reflect.NativeMethodAccessorImpl.invoke0(Native Method)
	at sun.reflect.NativeMethodAccessorImpl.invoke(NativeMethodAccessorImpl.java:62)
	at sun.reflect.DelegatingMethodAccessorImpl.invoke(DelegatingMethodAccessorImpl.java:43)
	at java.lang.reflect.Method.invoke(Method.java:498)
	at org.testng.internal.MethodInvocationHelper.invokeMethod(MethodInvocationHelper.java:86)
	at org.testng.internal.Invoker.invokeMethod(Invoker.java:643)
	at org.testng.internal.Invoker.invokeTestMethod(Invoker.java:820)
	at org.testng.internal.Invoker.invokeTestMethods(Invoker.java:1128)
	at org.testng.internal.TestMethodWorker.invokeTestMethods(TestMethodWorker.java:129)
	at org.testng.internal.TestMethodWorker.run(TestMethodWorker.java:112)
	at org.testng.TestRunner.privateRun(TestRunner.java:782)
	at org.testng.TestRunner.run(TestRunner.java:632)
	at org.testng.SuiteRunner.runTest(SuiteRunner.java:366)
	at org.testng.SuiteRunner.runSequentially(SuiteRunner.java:361)
	at org.testng.SuiteRunner.privateRun(SuiteRunner.java:319)
	at org.testng.SuiteRunner.run(SuiteRunner.java:268)
	at org.testng.SuiteRunnerWorker.runSuite(SuiteRunnerWorker.java:52)
	at org.testng.SuiteRunnerWorker.run(SuiteRunnerWorker.java:86)
	at org.testng.TestNG.runSuitesSequentially(TestNG.java:1244)
	at org.testng.TestNG.runSuitesLocally(TestNG.java:1169)
	at org.testng.TestNG.run(TestNG.java:1064)
	at org.apache.maven.surefire.testng.TestNGExecutor.run(TestNGExecutor.java:136)
	at org.apache.maven.surefire.testng.TestNGDirectoryTestSuite.executeSingleClass(TestNGDirectoryTestSuite.java:112)
	at org.apache.maven.surefire.testng.TestNGDirectoryTestSuite.execute(TestNGDirectoryTestSuite.java:99)
	at org.apache.maven.surefire.testng.TestNGProvider.invoke(TestNGProvider.java:145)
	at org.apache.maven.surefire.booter.ForkedBooter.runSuitesInProcess(ForkedBooter.java:428)
	at org.apache.maven.surefire.booter.ForkedBooter.execute(ForkedBooter.java:162)
	at org.apache.maven.surefire.booter.ForkedBooter.run(ForkedBooter.java:562)
	at org.apache.maven.surefire.booter.ForkedBooter.main(ForkedBooter.java:548)
Caused by: org.junit.ComparisonFailure: expected:<([1]) Facebook> but was:<([20+]) Facebook>
	at org.junit.Assert.assertEquals(Assert.java:115)
	at org.junit.Assert.assertEquals(Assert.java:144)
	at stepDefinitions.FacebookLogin.user_redirected_to_home_page(FacebookLogin.java:48)
	at ✽.Then User redirected to Home Page(Login.feature:6)
]]>
            </full-stacktrace>
          </exception> <!-- cucumber.runtime.CucumberException -->
          <reporter-output>
          </reporter-output>
        </test-method> <!-- feature -->
        <test-method status="PASS" signature="tearDownClass()[pri:0, instance:com.qa.test.TestRunner@cda4919]" test-instance-name="" name="tearDownClass" is-config="true" duration-ms="393" started-at="2021-04-07T11:49:38Z" finished-at="2021-04-07T11:49:39Z">
          <reporter-output>
          </reporter-output>
        </test-method> <!-- tearDownClass -->
      </class> <!-- com.qa.test.TestRunner -->
    </test> <!-- Surefire test -->
  </suite> <!-- Surefire suite -->
</testng-results>
