<?xml version="1.0" encoding="UTF-8"?>
<testsuite xmlns:xsi="http://www.w3.org/2001/XMLSchema-instance" xsi:noNamespaceSchemaLocation="https://maven.apache.org/surefire/maven-surefire-plugin/xsd/surefire-test-report-3.0.xsd" version="3.0" name="com.qa.test.TestRunner" time="58.029" tests="1" errors="0" skipped="0" failures="1">
  <properties>
[...]
</properties>
  <testcase name="[Facebook Login Page application](1)" classname="com.qa.test.TestRunner" time="55.887">
    <failure message="org.junit.ComparisonFailure: expected:&lt;([1]) Facebook&gt; but was:&lt;([20+]) Facebook&gt;" type="cucumber.runtime.CucumberException"><![CDATA[cucumber.runtime.CucumberException: org.junit.ComparisonFailure: expected:<([1]) Facebook> but was:<([20+]) Facebook>
Caused by: org.junit.ComparisonFailure: expected:<([1]) Facebook> but was:<([20+]) Facebook>
]]></failure>
    <system-out><![CDATA[Feature: Facebook Login Page application

  Scenario: Check Login functionality with valid credentials # Login.feature:2
    Given Navigate to Facebook Login page                    # FacebookLogin.navigate_to_facebook_login_page()
    When User enters username and password                   # FacebookLogin.user_enters_username_and_password()
    Then User redirected to Home Page                        # FacebookLogin.user_redirected_to_home_page()
      org.junit.ComparisonFailure: expected:<([1]) Facebook> but was:<([20+]) Facebook>
      	at org.junit.Assert.assertEquals(Assert.java:115)
      	at org.junit.Assert.assertEquals(Assert.java:144)
      	at stepDefinitions.FacebookLogin.user_redirected_to_home_page(FacebookLogin.java:48)
      	at ?.Then User redirected to Home Page(Login.feature:6)

]]></system-out>
    <system-err><![CDATA[Starting ChromeDriver 89.0.4389.23 (61b08ee2c50024bab004e48d2b1b083cdbdac579-refs/branch-heads/4389@{#294}) on port 43848
Only local connections are allowed.
Please see https://chromedriver.chromium.org/security-considerations for suggestions on keeping ChromeDriver safe.
ChromeDriver was started successfully.
Apr 07, 2021 11:48:45 AM org.openqa.selenium.remote.ProtocolHandshake createSession
INFO: Detected dialect: W3C
]]></system-err>
  </testcase>
</testsuite>